<?xml version="1.0" encoding="UTF-8"?>
<!-- Generated by org.testng.reporters.JUnitReportReporter -->
<testsuite hostname="mn-PC" name="American_Golf.Testing_GolfClub_UsingGrid" tests="4" failures="0" timestamp="14 Feb 2015 19:45:32 GMT" time="58.739" errors="0">
  <testcase name="Test_Testing_Order_flow" time="8.998" classname="American_Golf.Testing_GolfClub_UsingGrid"/>
  <testcase name="Test_Testing_Order_flow" time="20.388" classname="American_Golf.Testing_GolfClub_UsingGrid"/>
  <testcase name="Test_Testing_Order_flow" time="13.699" classname="American_Golf.Testing_GolfClub_UsingGrid"/>
  <testcase name="Test_Testing_Order_flow" time="15.654" classname="American_Golf.Testing_GolfClub_UsingGrid"/>
</testsuite> <!-- American_Golf.Testing_GolfClub_UsingGrid -->
