<?xml version="1.0" encoding="UTF-8"?>
<!-- Generated by org.testng.reporters.JUnitReportReporter -->
<testsuite hostname="mn-PC" name="TestMvnPkg.TestMvnProj.AppTest" tests="2" failures="0" timestamp="8 Feb 2015 08:01:07 GMT" time="24.226" errors="0">
  <testcase name="Test_maven" time="12.096" classname="TestMvnPkg.TestMvnProj.AppTest"/>
  <testcase name="Test_maven" time="12.130" classname="TestMvnPkg.TestMvnProj.AppTest"/>
</testsuite> <!-- TestMvnPkg.TestMvnProj.AppTest -->
