<?xml version="1.0" encoding="UTF-8"?>
<!-- Generated by org.testng.reporters.JUnitReportReporter -->
<testsuite hostname="mn-PC" name="American_Golf.Testing_GolfClub_UsingGrid" tests="4" failures="0" timestamp="14 Feb 2015 19:46:54 GMT" time="62.006" errors="0">
  <testcase name="Test_Testing_Order_flow" time="15.690" classname="American_Golf.Testing_GolfClub_UsingGrid"/>
  <testcase name="Test_Testing_Order_flow" time="16.915" classname="American_Golf.Testing_GolfClub_UsingGrid"/>
  <testcase name="Test_Testing_Order_flow" time="13.557" classname="American_Golf.Testing_GolfClub_UsingGrid"/>
  <testcase name="Test_Testing_Order_flow" time="15.844" classname="American_Golf.Testing_GolfClub_UsingGrid"/>
</testsuite> <!-- American_Golf.Testing_GolfClub_UsingGrid -->
